[2025-04-23 09:33:21] [INFO] PostgreSQL: Iniciando conexão via SSH...
[2025-04-23 09:33:21] [INFO] SSH: Iniciando tunnel 1745411601887 para localhost:5432
[2025-04-23 09:33:23] [DEBUG] SSH: Tunnel 1745411601887 estabelecido
[2025-04-23 09:33:23] [INFO] PostgreSQL: Criando pool de conexões...
[2025-04-23 09:33:23] [ERROR] Falha na conexão: connect ECONNREFUSED 127.0.0.1:15432
Error: connect ECONNREFUSED 127.0.0.1:15432
    at C:\Users\ahris\NodeProjetos\MoraLink\MoraLink\node_modules\pg-pool\index.js:45:11
    at process.processTicksAndRejections (node:internal/process/task_queues:96:5)
    at async PostgreSQLConnection.connect (C:\Users\ahris\NodeProjetos\MoraLink\MoraLink\app\modules\main_db.js:40:7)
    at async startConnection (C:\Users\ahris\NodeProjetos\MoraLink\MoraLink\app.js:300:3)
[2025-04-23 09:33:23] [INFO] Limpando recursos...
[2025-04-23 09:33:23] [INFO] Pool PostgreSQL encerrado
[2025-04-23 09:34:55] [INFO] PostgreSQL: Iniciando conexão via SSH...
[2025-04-23 09:34:55] [INFO] SSH: Iniciando tunnel 1745411695170 para localhost:5432
[2025-04-23 09:34:57] [DEBUG] SSH: Tunnel 1745411695170 estabelecido
[2025-04-23 09:34:57] [INFO] PostgreSQL: Criando pool de conexões...
[2025-04-23 09:34:57] [ERROR] Falha na conexão: connect ECONNREFUSED 127.0.0.1:15432
Error: connect ECONNREFUSED 127.0.0.1:15432
    at C:\Users\ahris\NodeProjetos\MoraLink\MoraLink\node_modules\pg-pool\index.js:45:11
    at process.processTicksAndRejections (node:internal/process/task_queues:96:5)
    at async PostgreSQLConnection.connect (C:\Users\ahris\NodeProjetos\MoraLink\MoraLink\app\modules\main_db.js:40:7)
    at async startConnection (C:\Users\ahris\NodeProjetos\MoraLink\MoraLink\app.js:300:3)
[2025-04-23 09:34:57] [INFO] Limpando recursos...
[2025-04-23 09:34:57] [INFO] Pool PostgreSQL encerrado
[2025-04-23 09:39:02] [INFO] PostgreSQL: Iniciando conexão via SSH...
[2025-04-23 09:39:02] [INFO] SSH: Iniciando tunnel 1745411942583 para localhost:5432
[2025-04-23 09:39:07] [DEBUG] SSH: Tunnel 1745411942583 estabelecido
[2025-04-23 09:39:07] [INFO] PostgreSQL: Criando pool de conexões...
[2025-04-23 09:39:07] [ERROR] Falha na conexão: connect ECONNREFUSED 127.0.0.1:15432
Error: connect ECONNREFUSED 127.0.0.1:15432
    at C:\Users\ahris\NodeProjetos\MoraLink\MoraLink\node_modules\pg-pool\index.js:45:11
    at process.processTicksAndRejections (node:internal/process/task_queues:96:5)
    at async PostgreSQLConnection.connect (C:\Users\ahris\NodeProjetos\MoraLink\MoraLink\app\modules\main_db.js:40:7)
    at async startConnection (C:\Users\ahris\NodeProjetos\MoraLink\MoraLink\app.js:300:3)
[2025-04-23 09:39:07] [INFO] Limpando recursos...
[2025-04-23 09:39:07] [INFO] Pool PostgreSQL encerrado
[2025-04-23 09:41:29] [INFO] PostgreSQL: Iniciando conexão via SSH...
[2025-04-23 09:41:29] [INFO] SSH: Iniciando tunnel 1745412089855 para localhost:5432
[2025-04-23 09:41:49] [ERROR] SSH: Erro na conexão 1745412089855 Timed out while waiting for handshake
Error: Timed out while waiting for handshake
    at Timeout._onTimeout (C:\Users\ahris\NodeProjetos\MoraLink\MoraLink\node_modules\ssh2\lib\client.js:1114:23)
    at listOnTimeout (node:internal/timers:559:17)
    at process.processTimers (node:internal/timers:502:7)
[2025-04-23 09:41:49] [ERROR] SSH: Falha ao criar tunnel 1745412089855 Timed out while waiting for handshake
Error: Timed out while waiting for handshake
    at Timeout._onTimeout (C:\Users\ahris\NodeProjetos\MoraLink\MoraLink\node_modules\ssh2\lib\client.js:1114:23)
    at listOnTimeout (node:internal/timers:559:17)
    at process.processTimers (node:internal/timers:502:7)
[2025-04-23 09:41:49] [ERROR] Falha na conexão: Timed out while waiting for handshake
Error: Timed out while waiting for handshake
    at Timeout._onTimeout (C:\Users\ahris\NodeProjetos\MoraLink\MoraLink\node_modules\ssh2\lib\client.js:1114:23)
    at listOnTimeout (node:internal/timers:559:17)
    at process.processTimers (node:internal/timers:502:7)
[2025-04-23 09:41:49] [INFO] Limpando recursos...
[2025-04-23 09:43:24] [INFO] PostgreSQL: Iniciando conexão via SSH...
[2025-04-23 09:43:24] [ERROR] Erro crítico no túnel: TypeError: this.isPortAvailable is not a function
    at SSHTunnel.createTunnel [90m(C:\Users\ahris\NodeProjetos\MoraLink\MoraLink\[39mapp\modules\mainSSHTunnel.js:18:23[90m)[39m
    at PostgreSQLConnection.connect [90m(C:\Users\ahris\NodeProjetos\MoraLink\MoraLink\[39mapp\modules\main_db.js:17:45[90m)[39m
    at startConnection [90m(C:\Users\ahris\NodeProjetos\MoraLink\MoraLink\[39mapp.js:300:12[90m)[39m
    at App.<anonymous> [90m(C:\Users\ahris\NodeProjetos\MoraLink\MoraLink\[39mapp.js:242:5[90m)[39m
[90m    at App.emit (node:events:513:28)[39m
[2025-04-23 09:43:24] [ERROR] Falha na conexão: this.isPortAvailable is not a function
TypeError: this.isPortAvailable is not a function
    at SSHTunnel.createTunnel (C:\Users\ahris\NodeProjetos\MoraLink\MoraLink\app\modules\mainSSHTunnel.js:18:23)
    at PostgreSQLConnection.connect (C:\Users\ahris\NodeProjetos\MoraLink\MoraLink\app\modules\main_db.js:17:45)
    at startConnection (C:\Users\ahris\NodeProjetos\MoraLink\MoraLink\app.js:300:12)
    at App.<anonymous> (C:\Users\ahris\NodeProjetos\MoraLink\MoraLink\app.js:242:5)
    at App.emit (node:events:513:28)
[2025-04-23 09:43:24] [INFO] Limpando recursos...
[2025-04-23 09:44:03] [INFO] PostgreSQL: Iniciando conexão via SSH...
[2025-04-23 09:44:03] [ERROR] Erro crítico no túnel: ReferenceError: net is not defined
    at [90mC:\Users\ahris\NodeProjetos\MoraLink\MoraLink\[39mapp\modules\mainSSHTunnel.js:16:22
    at new Promise (<anonymous>)
    at SSHTunnel.isPortAvailable [90m(C:\Users\ahris\NodeProjetos\MoraLink\MoraLink\[39mapp\modules\mainSSHTunnel.js:15:12[90m)[39m
    at SSHTunnel.createTunnel [90m(C:\Users\ahris\NodeProjetos\MoraLink\MoraLink\[39mapp\modules\mainSSHTunnel.js:27:23[90m)[39m
    at PostgreSQLConnection.connect [90m(C:\Users\ahris\NodeProjetos\MoraLink\MoraLink\[39mapp\modules\main_db.js:17:45[90m)[39m
    at startConnection [90m(C:\Users\ahris\NodeProjetos\MoraLink\MoraLink\[39mapp.js:300:12[90m)[39m
    at App.<anonymous> [90m(C:\Users\ahris\NodeProjetos\MoraLink\MoraLink\[39mapp.js:242:5[90m)[39m
[90m    at App.emit (node:events:513:28)[39m
[2025-04-23 09:44:03] [ERROR] Falha na conexão: net is not defined
ReferenceError: net is not defined
    at C:\Users\ahris\NodeProjetos\MoraLink\MoraLink\app\modules\mainSSHTunnel.js:16:22
    at new Promise (<anonymous>)
    at SSHTunnel.isPortAvailable (C:\Users\ahris\NodeProjetos\MoraLink\MoraLink\app\modules\mainSSHTunnel.js:15:12)
    at SSHTunnel.createTunnel (C:\Users\ahris\NodeProjetos\MoraLink\MoraLink\app\modules\mainSSHTunnel.js:27:23)
    at PostgreSQLConnection.connect (C:\Users\ahris\NodeProjetos\MoraLink\MoraLink\app\modules\main_db.js:17:45)
    at startConnection (C:\Users\ahris\NodeProjetos\MoraLink\MoraLink\app.js:300:12)
    at App.<anonymous> (C:\Users\ahris\NodeProjetos\MoraLink\MoraLink\app.js:242:5)
    at App.emit (node:events:513:28)
[2025-04-23 09:44:03] [INFO] Limpando recursos...
[2025-04-23 09:44:22] [INFO] PostgreSQL: Iniciando conexão via SSH...
[2025-04-23 09:44:22] [INFO] SSH: Iniciando tunnel 1745412262853 para localhost:5432
[2025-04-23 09:44:42] [ERROR] SSH: Erro na conexão 1745412262853 Timed out while waiting for handshake
Error: Timed out while waiting for handshake
    at Timeout._onTimeout (C:\Users\ahris\NodeProjetos\MoraLink\MoraLink\node_modules\ssh2\lib\client.js:1114:23)
    at listOnTimeout (node:internal/timers:559:17)
    at process.processTimers (node:internal/timers:502:7)
[2025-04-23 09:44:42] [ERROR] Erro crítico no túnel: { Error: Timed out while waiting for handshake
    at Timeout._onTimeout [90m(C:\Users\ahris\NodeProjetos\MoraLink\MoraLink\[39mnode_modules\[4mssh2[24m\lib\client.js:1114:23[90m)[39m
[90m    at listOnTimeout (node:internal/timers:559:17)[39m
[90m    at process.processTimers (node:internal/timers:502:7)[39m
  level: [32m'client-timeout'[39m }
[2025-04-23 09:44:42] [ERROR] Falha na conexão: Timed out while waiting for handshake
Error: Timed out while waiting for handshake
    at Timeout._onTimeout (C:\Users\ahris\NodeProjetos\MoraLink\MoraLink\node_modules\ssh2\lib\client.js:1114:23)
    at listOnTimeout (node:internal/timers:559:17)
    at process.processTimers (node:internal/timers:502:7)
[2025-04-23 09:44:42] [INFO] Limpando recursos...
