[2025-04-23 09:22:56] [INFO] Iniciando conexão com PostgreSQL...
[2025-04-23 09:22:56] [ERROR] Falha na conexão com PostgreSQL: connect ECONNREFUSED 127.0.0.1:15432
[2025-04-23 09:24:16] [INFO] Iniciando conexão com PostgreSQL...
[2025-04-23 09:24:16] [ERROR] Falha na conexão com PostgreSQL: Ssh2Promise is not defined
[2025-04-23 09:24:38] [INFO] Iniciando conexão com PostgreSQL...
[2025-04-23 09:25:06] [INFO] Nova conexão estabelecida no pool
[2025-04-23 09:25:06] [INFO] Conexão com PostgreSQL estabelecida com sucesso
[2025-04-23 09:25:12] [INFO] Iniciando conexão com PostgreSQL...
[2025-04-23 09:25:14] [INFO] Nova conexão estabelecida no pool
[2025-04-23 09:25:14] [INFO] Conexão com PostgreSQL estabelecida com sucesso
[2025-04-23 09:25:36] [INFO] Iniciando conexão com PostgreSQL...
[2025-04-23 09:25:47] [INFO] Iniciando conexão com PostgreSQL...
[2025-04-23 09:26:15] [INFO] Iniciando conexão com PostgreSQL...
[2025-04-23 09:26:42] [INFO] Nova conexão estabelecida no pool
[2025-04-23 09:26:43] [INFO] Conexão com PostgreSQL estabelecida com sucesso
[2025-04-23 09:27:07] [INFO] Iniciando conexão com PostgreSQL...
[2025-04-23 09:27:10] [INFO] Nova conexão estabelecida no pool
[2025-04-23 09:27:11] [INFO] Conexão com PostgreSQL estabelecida com sucesso
[2025-04-23 09:28:01] [INFO] Iniciando conexão com PostgreSQL...
[2025-04-23 09:28:03] [INFO] Nova conexão estabelecida no pool
[2025-04-23 09:28:03] [INFO] Conexão com PostgreSQL estabelecida com sucesso
[2025-04-23 09:28:20] [INFO] Nova conexão estabelecida no pool
[2025-04-23 09:28:45] [INFO] Iniciando conexão com PostgreSQL...
[2025-04-23 09:28:47] [INFO] Nova conexão estabelecida no pool
[2025-04-23 09:28:47] [INFO] Conexão com PostgreSQL estabelecida com sucesso
[2025-04-23 09:28:58] [INFO] Iniciando conexão com PostgreSQL...
[2025-04-23 09:29:00] [INFO] Nova conexão estabelecida no pool
[2025-04-23 09:29:01] [INFO] Conexão com PostgreSQL estabelecida com sucesso
[2025-04-23 09:29:06] [INFO] Iniciando conexão com PostgreSQL...
[2025-04-23 09:29:41] [INFO] Nova conexão estabelecida no pool
[2025-04-23 09:29:41] [INFO] Conexão com PostgreSQL estabelecida com sucesso
[2025-04-23 09:30:03] [INFO] Nova conexão estabelecida no pool
[2025-04-23 09:38:33] [INFO] Iniciando conexão com PostgreSQL...
